==28533== Memcheck, a memory error detector
==28533== Copyright (C) 2002-2017, and GNU GPL'd, by Julian Seward et al.
==28533== Using Valgrind-3.18.1 and LibVEX; rerun with -h for copyright info
==28533== Command: ./tester
==28533== Parent PID: 21153
==28533== 
==28533== Mismatched free() / delete / delete []
==28533==    at 0x484B27F: free (in /usr/libexec/valgrind/vgpreload_memcheck-amd64-linux.so)
==28533==    by 0x11F70C: SymbolTable::remove(std::__cxx11::basic_string<char, std::char_traits<char>, std::allocator<char> >) (symtable.cpp:333)
==28533==    by 0x11B57E: EPPCompiler::generate_targ_commands[abi:cxx11]() (eppcompiler.cpp:99)
==28533==    by 0x11C1C2: EPPCompiler::compile(std::vector<std::vector<std::__cxx11::basic_string<char, std::char_traits<char>, std::allocator<char> >, std::allocator<std::__cxx11::basic_string<char, std::char_traits<char>, std::allocator<char> > > >, std::allocator<std::vector<std::__cxx11::basic_string<char, std::char_traits<char>, std::allocator<char> >, std::allocator<std::__cxx11::basic_string<char, std::char_traits<char>, std::allocator<char> > > > > >) (eppcompiler.cpp:34)
==28533==    by 0x1169E9: main (in /home/dhruv/Desktop/COL106 A5/bin/tester)
==28533==  Address 0x4e48940 is 0 bytes inside a block of size 64 alloc'd
==28533==    at 0x4849013: operator new(unsigned long) (in /usr/libexec/valgrind/vgpreload_memcheck-amd64-linux.so)
==28533==    by 0x11F081: SymbolTable::insert(std::__cxx11::basic_string<char, std::char_traits<char>, std::allocator<char> >) (symtable.cpp:33)
==28533==    by 0x11B6FD: EPPCompiler::generate_targ_commands[abi:cxx11]() (eppcompiler.cpp:106)
==28533==    by 0x11C1C2: EPPCompiler::compile(std::vector<std::vector<std::__cxx11::basic_string<char, std::char_traits<char>, std::allocator<char> >, std::allocator<std::__cxx11::basic_string<char, std::char_traits<char>, std::allocator<char> > > >, std::allocator<std::vector<std::__cxx11::basic_string<char, std::char_traits<char>, std::allocator<char> >, std::allocator<std::__cxx11::basic_string<char, std::char_traits<char>, std::allocator<char> > > > > >) (eppcompiler.cpp:34)
==28533==    by 0x1169E9: main (in /home/dhruv/Desktop/COL106 A5/bin/tester)
==28533== 
==28533== 
==28533== HEAP SUMMARY:
==28533==     in use at exit: 128 bytes in 2 blocks
==28533==   total heap usage: 8,599 allocs, 8,597 frees, 238,067 bytes allocated
==28533== 
==28533== 128 bytes in 2 blocks are definitely lost in loss record 1 of 1
==28533==    at 0x4849013: operator new(unsigned long) (in /usr/libexec/valgrind/vgpreload_memcheck-amd64-linux.so)
==28533==    by 0x11F081: SymbolTable::insert(std::__cxx11::basic_string<char, std::char_traits<char>, std::allocator<char> >) (symtable.cpp:33)
==28533==    by 0x11B6FD: EPPCompiler::generate_targ_commands[abi:cxx11]() (eppcompiler.cpp:106)
==28533==    by 0x11C1C2: EPPCompiler::compile(std::vector<std::vector<std::__cxx11::basic_string<char, std::char_traits<char>, std::allocator<char> >, std::allocator<std::__cxx11::basic_string<char, std::char_traits<char>, std::allocator<char> > > >, std::allocator<std::vector<std::__cxx11::basic_string<char, std::char_traits<char>, std::allocator<char> >, std::allocator<std::__cxx11::basic_string<char, std::char_traits<char>, std::allocator<char> > > > > >) (eppcompiler.cpp:34)
==28533==    by 0x1169E9: main (in /home/dhruv/Desktop/COL106 A5/bin/tester)
==28533== 
==28533== LEAK SUMMARY:
==28533==    definitely lost: 128 bytes in 2 blocks
==28533==    indirectly lost: 0 bytes in 0 blocks
==28533==      possibly lost: 0 bytes in 0 blocks
==28533==    still reachable: 0 bytes in 0 blocks
==28533==         suppressed: 0 bytes in 0 blocks
==28533== 
==28533== For lists of detected and suppressed errors, rerun with: -s
==28533== ERROR SUMMARY: 2 errors from 2 contexts (suppressed: 0 from 0)
